This file contains any messages produced by compilers while
running configure, to aid debugging if configure makes a mistake.

It was created by asdl configure 3.0, which was
generated by GNU Autoconf 2.69.  Invocation command line was

  $ ./configure --enable-64-bit --prefix=/home/biga/lsu/classes/csc7101/prog2/sml

## --------- ##
## Platform. ##
## --------- ##

hostname = MSI
uname -m = x86_64
uname -r = 5.15.146.1-microsoft-standard-WSL2
uname -s = Linux
uname -v = #1 SMP Thu Jan 11 04:09:03 UTC 2024

/usr/bin/uname -p = x86_64
/bin/uname -X     = unknown

/bin/arch              = x86_64
/usr/bin/arch -k       = unknown
/usr/convex/getsysinfo = unknown
/usr/bin/hostinfo      = unknown
/bin/machine           = unknown
/usr/bin/oslevel       = unknown
/bin/universe          = unknown

PATH: /home/biga/.local/bin
PATH: /home/biga/miniconda3/bin
PATH: /home/biga/miniconda3/condabin
PATH: /home/biga/.nvm/versions/node/v21.6.1/bin
PATH: /usr/local/sbin
PATH: /usr/local/bin
PATH: /usr/sbin
PATH: /usr/bin
PATH: /sbin
PATH: /bin
PATH: /usr/games
PATH: /usr/local/games
PATH: /usr/lib/wsl/lib
PATH: /mnt/c/Program Files/WindowsApps/MicrosoftCorporationII.WindowsSubsystemForLinux_2.1.5.0_x64__8wekyb3d8bbwe
PATH: /mnt/c/Program Files/NVIDIA GPU Computing Toolkit/CUDA/v10.2
PATH: /mnt/c/Program Files/NVIDIA GPU Computing Toolkit/CUDA/v10.2/bin
PATH: /mnt/c/Program Files/NVIDIA GPU Computing Toolkit/CUDA/v10.2/libnvvp
PATH: /mnt/c/Program Files/PlasticSCM5/server
PATH: /mnt/c/Program Files/PlasticSCM5/client
PATH: /mnt/c/Program Files/Oculus/Support/oculus-runtime
PATH: /mnt/c/Windows/system32
PATH: /mnt/c/Windows
PATH: /mnt/c/Windows/System32/Wbem
PATH: /mnt/c/Windows/System32/WindowsPowerShell/v1.0
PATH: /mnt/c/Windows/System32/OpenSSH
PATH: /mnt/c/Program Files (x86)/NVIDIA Corporation/PhysX/Common
PATH: /mnt/c/Program Files/NVIDIA Corporation/NVIDIA NvDLISR
PATH: /mnt/c/Program Files/nodejs
PATH: /mnt/c/Program Files/dotnet
PATH: /mnt/c/Program Files/Git/cmd
PATH: /mnt/c/Program Files/Docker/Docker/resources/bin
PATH: /mnt/c/Program Files (x86)/GnuWin32/bin
PATH: /mnt/c/Program Files/openjdk-21.0.2_windows-x64_bin/jdk-21.0.2/bin
PATH: /mnt/c/Program Files (x86)/Common Files/Oracle/Java/javapath
PATH: /mnt/c/Program Files/Android/jdk/jdk-8.0.302.8-hotspot/jdk8u302-b08/bin
PATH: /mnt/c/Users/bigar/miniconda3/Scripts
PATH: /mnt/c/Users/bigar/miniconda3/Library/bin
PATH: /mnt/c/Users/bigar/OneDrive/Desktop/lsu/matt/TrackIn/ffmpeg/bin
PATH: /mnt/c/Program Files/NVIDIA Corporation/Nsight Compute 2019.5.0
PATH: /mnt/c/Program Files (x86)/Windows Kits/10/Windows Performance Toolkit
PATH: /mnt/c/Users/bigar/anaconda3
PATH: /mnt/c/Users/bigar/anaconda3/Library/mingw-w64/bin
PATH: /mnt/c/Users/bigar/anaconda3/Library/usr/bin
PATH: /mnt/c/Users/bigar/anaconda3/Library/bin
PATH: /mnt/c/Users/bigar/anaconda3/Scripts
PATH: /mnt/c/Users/bigar/AppData/Local/Microsoft/WindowsApps
PATH: /mnt/c/Users/bigar/AppData/Roaming/npm
PATH: /mnt/c/Users/bigar/AppData/Local/Programs/Microsoft VS Code/bin
PATH: /mnt/c/Users/bigar/.dotnet/tools
PATH: /mnt/c/Program Files/JetBrains/IntelliJ IDEA Community Edition 2023.2.5/bin
PATH: /mnt/c/Program Files (x86)/GnuWin32/bin
PATH: /mnt/c/Users/bigar/AppData/Local/GitHubDesktop/bin
PATH: /mnt/c/Users/bigar/miniconda3/Scripts/conda.exe
PATH: /snap/bin
PATH: /home/biga/miniconda3/bin


## ----------- ##
## Core tests. ##
## ----------- ##

configure:1980: checking build system type
configure:1994: result: x86_64-pc-linux-gnu
configure:2014: checking host system type
configure:2027: result: x86_64-pc-linux-gnu
configure:2112: checking for gcc
configure:2128: found /usr/bin/gcc
configure:2139: result: gcc
configure:2368: checking for C compiler version
configure:2377: gcc --version >&5
gcc (Ubuntu 11.4.0-1ubuntu1~22.04) 11.4.0
Copyright (C) 2021 Free Software Foundation, Inc.
This is free software; see the source for copying conditions.  There is NO
warranty; not even for MERCHANTABILITY or FITNESS FOR A PARTICULAR PURPOSE.

configure:2388: $? = 0
configure:2377: gcc -v >&5
Using built-in specs.
COLLECT_GCC=gcc
COLLECT_LTO_WRAPPER=/usr/lib/gcc/x86_64-linux-gnu/11/lto-wrapper
OFFLOAD_TARGET_NAMES=nvptx-none:amdgcn-amdhsa
OFFLOAD_TARGET_DEFAULT=1
Target: x86_64-linux-gnu
Configured with: ../src/configure -v --with-pkgversion='Ubuntu 11.4.0-1ubuntu1~22.04' --with-bugurl=file:///usr/share/doc/gcc-11/README.Bugs --enable-languages=c,ada,c++,go,brig,d,fortran,objc,obj-c++,m2 --prefix=/usr --with-gcc-major-version-only --program-suffix=-11 --program-prefix=x86_64-linux-gnu- --enable-shared --enable-linker-build-id --libexecdir=/usr/lib --without-included-gettext --enable-threads=posix --libdir=/usr/lib --enable-nls --enable-bootstrap --enable-clocale=gnu --enable-libstdcxx-debug --enable-libstdcxx-time=yes --with-default-libstdcxx-abi=new --enable-gnu-unique-object --disable-vtable-verify --enable-plugin --enable-default-pie --with-system-zlib --enable-libphobos-checking=release --with-target-system-zlib=auto --enable-objc-gc=auto --enable-multiarch --disable-werror --enable-cet --with-arch-32=i686 --with-abi=m64 --with-multilib-list=m32,m64,mx32 --enable-multilib --with-tune=generic --enable-offload-targets=nvptx-none=/build/gcc-11-XeT9lY/gcc-11-11.4.0/debian/tmp-nvptx/usr,amdgcn-amdhsa=/build/gcc-11-XeT9lY/gcc-11-11.4.0/debian/tmp-gcn/usr --without-cuda-driver --enable-checking=release --build=x86_64-linux-gnu --host=x86_64-linux-gnu --target=x86_64-linux-gnu --with-build-config=bootstrap-lto-lean --enable-link-serialization=2
Thread model: posix
Supported LTO compression algorithms: zlib zstd
gcc version 11.4.0 (Ubuntu 11.4.0-1ubuntu1~22.04) 
... rest of stderr output deleted ...
configure:2388: $? = 0
configure:2377: gcc -V >&5
gcc: error: unrecognized command-line option '-V'
gcc: fatal error: no input files
compilation terminated.
configure:2388: $? = 1
configure:2377: gcc -qversion >&5
gcc: error: unrecognized command-line option '-qversion'; did you mean '--version'?
gcc: fatal error: no input files
compilation terminated.
configure:2388: $? = 1
configure:2408: checking whether the C compiler works
configure:2430: gcc    conftest.c  >&5
configure:2434: $? = 0
configure:2482: result: yes
configure:2485: checking for C compiler default output file name
configure:2487: result: a.out
configure:2493: checking for suffix of executables
configure:2500: gcc -o conftest    conftest.c  >&5
configure:2504: $? = 0
configure:2526: result: 
configure:2548: checking whether we are cross compiling
configure:2556: gcc -o conftest    conftest.c  >&5
configure:2560: $? = 0
configure:2567: ./conftest
configure:2571: $? = 0
configure:2586: result: no
configure:2591: checking for suffix of object files
configure:2613: gcc -c   conftest.c >&5
configure:2617: $? = 0
configure:2638: result: o
configure:2642: checking whether we are using the GNU C compiler
configure:2661: gcc -c   conftest.c >&5
configure:2661: $? = 0
configure:2670: result: yes
configure:2679: checking whether gcc accepts -g
configure:2699: gcc -c -g  conftest.c >&5
configure:2699: $? = 0
configure:2740: result: yes
configure:2757: checking for gcc option to accept ISO C89
configure:2820: gcc  -c -g -O2  conftest.c >&5
configure:2820: $? = 0
configure:2833: result: none needed
configure:2858: checking how to run the C preprocessor
configure:2889: gcc -E  conftest.c
configure:2889: $? = 0
configure:2903: gcc -E  conftest.c
conftest.c:9:10: fatal error: ac_nonexistent.h: No such file or directory
    9 | #include <ac_nonexistent.h>
      |          ^~~~~~~~~~~~~~~~~~
compilation terminated.
configure:2903: $? = 1
configure: failed program was:
| /* confdefs.h */
| #define PACKAGE_NAME "asdl"
| #define PACKAGE_TARNAME "asdl"
| #define PACKAGE_VERSION "3.0"
| #define PACKAGE_STRING "asdl 3.0"
| #define PACKAGE_BUGREPORT ""
| #define PACKAGE_URL ""
| /* end confdefs.h.  */
| #include <ac_nonexistent.h>
configure:2928: result: gcc -E
configure:2948: gcc -E  conftest.c
configure:2948: $? = 0
configure:2962: gcc -E  conftest.c
conftest.c:9:10: fatal error: ac_nonexistent.h: No such file or directory
    9 | #include <ac_nonexistent.h>
      |          ^~~~~~~~~~~~~~~~~~
compilation terminated.
configure:2962: $? = 1
configure: failed program was:
| /* confdefs.h */
| #define PACKAGE_NAME "asdl"
| #define PACKAGE_TARNAME "asdl"
| #define PACKAGE_VERSION "3.0"
| #define PACKAGE_STRING "asdl 3.0"
| #define PACKAGE_BUGREPORT ""
| #define PACKAGE_URL ""
| /* end confdefs.h.  */
| #include <ac_nonexistent.h>
configure:3102: checking for C compiler version
configure:3111: gcc --version >&5
gcc (Ubuntu 11.4.0-1ubuntu1~22.04) 11.4.0
Copyright (C) 2021 Free Software Foundation, Inc.
This is free software; see the source for copying conditions.  There is NO
warranty; not even for MERCHANTABILITY or FITNESS FOR A PARTICULAR PURPOSE.

configure:3122: $? = 0
configure:3111: gcc -v >&5
Using built-in specs.
COLLECT_GCC=gcc
COLLECT_LTO_WRAPPER=/usr/lib/gcc/x86_64-linux-gnu/11/lto-wrapper
OFFLOAD_TARGET_NAMES=nvptx-none:amdgcn-amdhsa
OFFLOAD_TARGET_DEFAULT=1
Target: x86_64-linux-gnu
Configured with: ../src/configure -v --with-pkgversion='Ubuntu 11.4.0-1ubuntu1~22.04' --with-bugurl=file:///usr/share/doc/gcc-11/README.Bugs --enable-languages=c,ada,c++,go,brig,d,fortran,objc,obj-c++,m2 --prefix=/usr --with-gcc-major-version-only --program-suffix=-11 --program-prefix=x86_64-linux-gnu- --enable-shared --enable-linker-build-id --libexecdir=/usr/lib --without-included-gettext --enable-threads=posix --libdir=/usr/lib --enable-nls --enable-bootstrap --enable-clocale=gnu --enable-libstdcxx-debug --enable-libstdcxx-time=yes --with-default-libstdcxx-abi=new --enable-gnu-unique-object --disable-vtable-verify --enable-plugin --enable-default-pie --with-system-zlib --enable-libphobos-checking=release --with-target-system-zlib=auto --enable-objc-gc=auto --enable-multiarch --disable-werror --enable-cet --with-arch-32=i686 --with-abi=m64 --with-multilib-list=m32,m64,mx32 --enable-multilib --with-tune=generic --enable-offload-targets=nvptx-none=/build/gcc-11-XeT9lY/gcc-11-11.4.0/debian/tmp-nvptx/usr,amdgcn-amdhsa=/build/gcc-11-XeT9lY/gcc-11-11.4.0/debian/tmp-gcn/usr --without-cuda-driver --enable-checking=release --build=x86_64-linux-gnu --host=x86_64-linux-gnu --target=x86_64-linux-gnu --with-build-config=bootstrap-lto-lean --enable-link-serialization=2
Thread model: posix
Supported LTO compression algorithms: zlib zstd
gcc version 11.4.0 (Ubuntu 11.4.0-1ubuntu1~22.04) 
... rest of stderr output deleted ...
configure:3122: $? = 0
configure:3111: gcc -V >&5
gcc: error: unrecognized command-line option '-V'
gcc: fatal error: no input files
compilation terminated.
configure:3122: $? = 1
configure:3111: gcc -qversion >&5
gcc: error: unrecognized command-line option '-qversion'; did you mean '--version'?
gcc: fatal error: no input files
compilation terminated.
configure:3122: $? = 1
configure:3126: checking whether we are using the GNU C compiler
configure:3154: result: yes
configure:3163: checking whether gcc accepts -g
configure:3224: result: yes
configure:3241: checking for gcc option to accept ISO C89
configure:3317: result: none needed
configure:3395: checking for clang++
configure:3425: result: no
configure:3395: checking for g++
configure:3411: found /usr/bin/g++
configure:3422: result: g++
configure:3449: checking for C++ compiler version
configure:3458: g++ --version >&5
g++ (Ubuntu 11.4.0-1ubuntu1~22.04) 11.4.0
Copyright (C) 2021 Free Software Foundation, Inc.
This is free software; see the source for copying conditions.  There is NO
warranty; not even for MERCHANTABILITY or FITNESS FOR A PARTICULAR PURPOSE.

configure:3469: $? = 0
configure:3458: g++ -v >&5
Using built-in specs.
COLLECT_GCC=g++
COLLECT_LTO_WRAPPER=/usr/lib/gcc/x86_64-linux-gnu/11/lto-wrapper
OFFLOAD_TARGET_NAMES=nvptx-none:amdgcn-amdhsa
OFFLOAD_TARGET_DEFAULT=1
Target: x86_64-linux-gnu
Configured with: ../src/configure -v --with-pkgversion='Ubuntu 11.4.0-1ubuntu1~22.04' --with-bugurl=file:///usr/share/doc/gcc-11/README.Bugs --enable-languages=c,ada,c++,go,brig,d,fortran,objc,obj-c++,m2 --prefix=/usr --with-gcc-major-version-only --program-suffix=-11 --program-prefix=x86_64-linux-gnu- --enable-shared --enable-linker-build-id --libexecdir=/usr/lib --without-included-gettext --enable-threads=posix --libdir=/usr/lib --enable-nls --enable-bootstrap --enable-clocale=gnu --enable-libstdcxx-debug --enable-libstdcxx-time=yes --with-default-libstdcxx-abi=new --enable-gnu-unique-object --disable-vtable-verify --enable-plugin --enable-default-pie --with-system-zlib --enable-libphobos-checking=release --with-target-system-zlib=auto --enable-objc-gc=auto --enable-multiarch --disable-werror --enable-cet --with-arch-32=i686 --with-abi=m64 --with-multilib-list=m32,m64,mx32 --enable-multilib --with-tune=generic --enable-offload-targets=nvptx-none=/build/gcc-11-XeT9lY/gcc-11-11.4.0/debian/tmp-nvptx/usr,amdgcn-amdhsa=/build/gcc-11-XeT9lY/gcc-11-11.4.0/debian/tmp-gcn/usr --without-cuda-driver --enable-checking=release --build=x86_64-linux-gnu --host=x86_64-linux-gnu --target=x86_64-linux-gnu --with-build-config=bootstrap-lto-lean --enable-link-serialization=2
Thread model: posix
Supported LTO compression algorithms: zlib zstd
gcc version 11.4.0 (Ubuntu 11.4.0-1ubuntu1~22.04) 
... rest of stderr output deleted ...
configure:3469: $? = 0
configure:3458: g++ -V >&5
g++: error: unrecognized command-line option '-V'
g++: fatal error: no input files
compilation terminated.
configure:3469: $? = 1
configure:3458: g++ -qversion >&5
g++: error: unrecognized command-line option '-qversion'; did you mean '--version'?
g++: fatal error: no input files
compilation terminated.
configure:3469: $? = 1
configure:3473: checking whether we are using the GNU C++ compiler
configure:3492: g++ -c   conftest.cpp >&5
configure:3492: $? = 0
configure:3501: result: yes
configure:3510: checking whether g++ accepts -g
configure:3530: g++ -c -g  conftest.cpp >&5
configure:3530: $? = 0
configure:3571: result: yes
configure:3602: checking whether g++ supports C++11 features by default
configure:3896: g++ -c -g -O2  conftest.cpp >&5
configure:3896: $? = 0
configure:3903: result: yes
configure:4587: checking for a BSD-compatible install
configure:4655: result: /usr/bin/install -c
configure:4666: checking whether make sets $(MAKE)
configure:4688: result: yes
configure:4858: checking version of SML/NJ
configure:4885: result: 110.95
configure:4958: checking for ml-makedepend
configure:4976: found /home/biga/lsu/classes/csc7101/prog2/sml/bin/ml-makedepend
configure:4989: result: /home/biga/lsu/classes/csc7101/prog2/sml/bin/ml-makedepend
configure:5002: checking for ml-build
configure:5020: found /home/biga/lsu/classes/csc7101/prog2/sml/bin/ml-build
configure:5033: result: /home/biga/lsu/classes/csc7101/prog2/sml/bin/ml-build
configure:5081: checking for ld
configure:5099: found /usr/bin/ld
configure:5112: result: /usr/bin/ld
configure:5285: creating ./config.status

## ---------------------- ##
## Running config.status. ##
## ---------------------- ##

This file was extended by asdl config.status 3.0, which was
generated by GNU Autoconf 2.69.  Invocation command line was

  CONFIG_FILES    = 
  CONFIG_HEADERS  = 
  CONFIG_LINKS    = 
  CONFIG_COMMANDS = 
  $ ./config.status 

on MSI

config.status:845: creating Makefile
config.status:845: creating doc/Makefile
config.status:845: creating doc/manual-2.0/Makefile
config.status:845: creating doc/manual-3.0/Makefile
config.status:845: creating examples/Makefile
config.status:845: creating src/Makefile
config.status:845: creating src/asdlgen/Makefile
config.status:845: creating src/lib/Makefile
config.status:845: creating src/lib/cxx/Makefile
config.status:845: creating src/tests/Makefile
config.status:845: creating src/tests/basics/Makefile
config.status:845: creating src/tests/primitives/Makefile
config.status:845: creating src/asdlgen/common/config.sml
config.status:845: creating bin/install-sml-wrapper.sh
config.status:845: creating src/gen/fragments/mkfrags.sh
config.status:845: creating src/gen/fragments/mkmk.sh
config.status:845: creating src/lib/cxx/include/asdl/config.h
config.status:1020: src/lib/cxx/include/asdl/config.h is unchanged

## ---------------- ##
## Cache variables. ##
## ---------------- ##

ac_cv_build=x86_64-pc-linux-gnu
ac_cv_c_compiler_gnu=yes
ac_cv_cxx_compiler_gnu=yes
ac_cv_env_CCC_set=
ac_cv_env_CCC_value=
ac_cv_env_CC_set=
ac_cv_env_CC_value=
ac_cv_env_CFLAGS_set=
ac_cv_env_CFLAGS_value=
ac_cv_env_CPPFLAGS_set=
ac_cv_env_CPPFLAGS_value=
ac_cv_env_CPP_set=
ac_cv_env_CPP_value=
ac_cv_env_CXXFLAGS_set=
ac_cv_env_CXXFLAGS_value=
ac_cv_env_CXX_set=
ac_cv_env_CXX_value=
ac_cv_env_LDFLAGS_set=
ac_cv_env_LDFLAGS_value=
ac_cv_env_LIBS_set=
ac_cv_env_LIBS_value=
ac_cv_env_build_alias_set=
ac_cv_env_build_alias_value=
ac_cv_env_host_alias_set=
ac_cv_env_host_alias_value=
ac_cv_env_target_alias_set=
ac_cv_env_target_alias_value=
ac_cv_host=x86_64-pc-linux-gnu
ac_cv_objext=o
ac_cv_path_LD=/usr/bin/ld
ac_cv_path_ML_BUILD=/home/biga/lsu/classes/csc7101/prog2/sml/bin/ml-build
ac_cv_path_ML_MAKEDEPEND=/home/biga/lsu/classes/csc7101/prog2/sml/bin/ml-makedepend
ac_cv_path_install='/usr/bin/install -c'
ac_cv_prog_CPP='gcc -E'
ac_cv_prog_ac_ct_CC=gcc
ac_cv_prog_ac_ct_CXX=g++
ac_cv_prog_cc_c89=
ac_cv_prog_cc_g=yes
ac_cv_prog_cxx_g=yes
ac_cv_prog_make_make_set=yes
ax_cv_cxx_compile_cxx11=yes

## ----------------- ##
## Output variables. ##
## ----------------- ##

ASDLGEN_SRCDIR='/home/biga/lsu/classes/csc7101/prog2/sml/asdl/src/asdlgen'
ASDL_BINDIR='/home/biga/lsu/classes/csc7101/prog2/sml/asdl/bin'
ASDL_INCDIR='/home/biga/lsu/classes/csc7101/prog2/sml/asdl/include'
ASDL_LIBDIR='/home/biga/lsu/classes/csc7101/prog2/sml/asdl/lib'
ASDL_MKDIR='/home/biga/lsu/classes/csc7101/prog2/sml/asdl/mk'
ASDL_ROOT='/home/biga/lsu/classes/csc7101/prog2/sml/asdl'
ASDL_SRCDIR='/home/biga/lsu/classes/csc7101/prog2/sml/asdl/src'
CC='gcc'
CFLAGS='-g -O2'
CPP='gcc -E'
CPPFLAGS=' -I/opt/local/include'
CXX='g++'
CXXFLAGS='-g -O2'
CXXFLAG_fPIC='-fPIC'
DEFS='-DHAVE_CONFIG_H'
DSLEXT='so'
ECHO_C=''
ECHO_N='-n'
ECHO_T=''
EXEEXT=''
HAVE_CXX11='1'
HEAP_IMAGE_DIR='/home/biga/lsu/classes/csc7101/prog2/sml/asdl/bin/.heap'
HOSTSIZE='64'
INSTALL_DATA='${INSTALL} -m 644'
INSTALL_PROGRAM='${INSTALL}'
INSTALL_SCRIPT='${INSTALL}'
INSTALL_SMLNJ_WRAPPER='/home/biga/lsu/classes/csc7101/prog2/sml/asdl/bin/install-sml-wrapper.sh'
LD='/usr/bin/ld'
LDFLAGS=' -L/opt/local/lib'
LD_DYNAMIC='g++ -shared'
LD_STATIC='/usr/bin/ld'
LIBOBJS=''
LIBS='-lgmp'
LTLIBOBJS=''
MLTON=''
ML_BUILD='/home/biga/lsu/classes/csc7101/prog2/sml/bin/ml-build'
ML_MAKEDEPEND='/home/biga/lsu/classes/csc7101/prog2/sml/bin/ml-makedepend'
OBJEXT='o'
PACKAGE_BUGREPORT=''
PACKAGE_NAME='asdl'
PACKAGE_STRING='asdl 3.0'
PACKAGE_TARNAME='asdl'
PACKAGE_URL=''
PACKAGE_VERSION='3.0'
PATH_SEPARATOR=':'
SET_MAKE=''
SHELL='/bin/bash'
SML='smlnj'
SMLNJ_ARCH='amd64'
SMLNJ_CMD='/home/biga/lsu/classes/csc7101/prog2/sml/bin/sml'
SMLNJ_HEAP_SUFFIX='amd64-linux'
SMLNJ_OPSYS='linux'
SMLNJ_PATH='/home/biga/lsu/classes/csc7101/prog2/sml/bin'
ac_ct_CC='gcc'
ac_ct_CXX='g++'
bindir='${exec_prefix}/bin'
build='x86_64-pc-linux-gnu'
build_alias=''
build_cpu='x86_64'
build_os='linux-gnu'
build_vendor='pc'
datadir='${datarootdir}'
datarootdir='${prefix}/share'
docdir='${datarootdir}/doc/${PACKAGE_TARNAME}'
dvidir='${docdir}'
exec_prefix='${prefix}'
host='x86_64-pc-linux-gnu'
host_alias=''
host_cpu='x86_64'
host_os='linux-gnu'
host_vendor='pc'
htmldir='${docdir}'
includedir='${prefix}/include'
infodir='${datarootdir}/info'
libdir='${exec_prefix}/lib'
libexecdir='${exec_prefix}/libexec'
localedir='${datarootdir}/locale'
localstatedir='${prefix}/var'
mandir='${datarootdir}/man'
oldincludedir='/usr/include'
pdfdir='${docdir}'
prefix='/home/biga/lsu/classes/csc7101/prog2/sml'
program_transform_name='s,x,x,'
psdir='${docdir}'
sbindir='${exec_prefix}/sbin'
sharedstatedir='${prefix}/com'
sysconfdir='${prefix}/etc'
target_alias=''
with_mlton='no'

## ----------- ##
## confdefs.h. ##
## ----------- ##

/* confdefs.h */
#define PACKAGE_NAME "asdl"
#define PACKAGE_TARNAME "asdl"
#define PACKAGE_VERSION "3.0"
#define PACKAGE_STRING "asdl 3.0"
#define PACKAGE_BUGREPORT ""
#define PACKAGE_URL ""
#define HAVE_CXX11 1
#define ASDL_USE_GNU_MP 1

configure: exit 0
